[    0.000000] Initializing cgroup subsys cpuset
[    0.000000] Initializing cgroup subsys cpu
[    0.000000] Initializing cgroup subsys cpuacct
[    0.000000] Linux version 4.4.0-72-generic (buildd@lcy01-17) (gcc version 5.4.0 20160609 (Ubuntu 5.4.0-6ubuntu1~16.04.4) ) #93-Ubuntu SMP Fri Mar 31 14:07:41 UTC 2017 (Ubuntu 4.4.0-72.93-generic 4.4.49)
[    0.000000] Command line: BOOT_IMAGE=/boot/vmlinuz-4.4.0-72-generic root=LABEL=cloudimg-rootfs ro console=tty1 console=ttyS0
[    0.000000] KERNEL supported cpus:
[    0.000000]   Intel GenuineIntel
[    0.000000]   AMD AuthenticAMD
[    0.000000]   Centaur CentaurHauls
[    0.000000] x86/fpu: xstate_offset[2]:  576, xstate_sizes[2]:  256
[    0.000000] x86/fpu: Supporting XSAVE feature 0x01: 'x87 floating point registers'
[    0.000000] x86/fpu: Supporting XSAVE feature 0x02: 'SSE registers'
[    0.000000] x86/fpu: Supporting XSAVE feature 0x04: 'AVX registers'
[    0.000000] x86/fpu: Enabled xstate features 0x7, context size is 832 bytes, using 'standard' format.
[    0.000000] x86/fpu: Using 'lazy' FPU context switches.
[    0.000000] e820: BIOS-provided physical RAM map:
[    0.000000] BIOS-e820: [mem 0x0000000000000000-0x000000000009fbff] usable
[    0.000000] BIOS-e820: [mem 0x000000000009fc00-0x000000000009ffff] reserved
[    0.000000] BIOS-e820: [mem 0x00000000000f0000-0x00000000000fffff] reserved
[    0.000000] BIOS-e820: [mem 0x0000000000100000-0x000000003ffeffff] usable
[    0.000000] BIOS-e820: [mem 0x000000003fff0000-0x000000003fffffff] ACPI data
[    0.000000] BIOS-e820: [mem 0x00000000fec00000-0x00000000fec00fff] reserved
[    0.000000] BIOS-e820: [mem 0x00000000fee00000-0x00000000fee00fff] reserved
[    0.000000] BIOS-e820: [mem 0x00000000fffc0000-0x00000000ffffffff] reserved
[    0.000000] NX (Execute Disable) protection: active
[    0.000000] SMBIOS 2.5 present.
[    0.000000] Hypervisor detected: KVM
[    0.000000] AGP: No AGP bridge found
[    0.000000] e820: last_pfn = 0x3fff0 max_arch_pfn = 0x400000000
[    0.000000] MTRR: Disabled
[    0.000000] x86/PAT: MTRRs disabled, skipping PAT initialization too.
[    0.000000] x86/PAT: Configuration [0-7]: WB  WT  UC- UC  WB  WT  UC- UC  
[    0.000000] CPU MTRRs all blank - virtualized system.
[    0.000000] found SMP MP-table at [mem 0x0009fff0-0x0009ffff] mapped at [ffff88000009fff0]
[    0.000000] Scanning 1 areas for low memory corruption
[    0.000000] RAMDISK: [mem 0x36af8000-0x37573fff]
[    0.000000] ACPI: Early table checksum verification disabled
[    0.000000] ACPI: RSDP 0x00000000000E0000 000024 (v02 VBOX  )
[    0.000000] ACPI: XSDT 0x000000003FFF0030 00003C (v01 VBOX   VBOXXSDT 00000001 ASL  00000061)
[    0.000000] ACPI: FACP 0x000000003FFF00F0 0000F4 (v04 VBOX   VBOXFACP 00000001 ASL  00000061)
[    0.000000] ACPI: DSDT 0x000000003FFF0470 00210F (v01 VBOX   VBOXBIOS 00000002 INTL 20100528)
[    0.000000] ACPI: FACS 0x000000003FFF0200 000040
[    0.000000] ACPI: FACS 0x000000003FFF0200 000040
[    0.000000] ACPI: APIC 0x000000003FFF0240 00005C (v02 VBOX   VBOXAPIC 00000001 ASL  00000061)
[    0.000000] ACPI: SSDT 0x000000003FFF02A0 0001CC (v01 VBOX   VBOXCPUT 00000002 INTL 20100528)
[    0.000000] No NUMA configuration found
[    0.000000] Faking a node at [mem 0x0000000000000000-0x000000003ffeffff]
[    0.000000] NODE_DATA(0) allocated [mem 0x3ffeb000-0x3ffeffff]
[    0.000000] kvm-clock: Using msrs 4b564d01 and 4b564d00
[    0.000000] kvm-clock: cpu 0, msr 0:3ffe3001, primary cpu clock
[    0.000000] kvm-clock: using sched offset of 3285749226 cycles
[    0.000000] clocksource: kvm-clock: mask: 0xffffffffffffffff max_cycles: 0x1cd42e4dffb, max_idle_ns: 881590591483 ns
[    0.000000] Zone ranges:
[    0.000000]   DMA      [mem 0x0000000000001000-0x0000000000ffffff]
[    0.000000]   DMA32    [mem 0x0000000001000000-0x000000003ffeffff]
[    0.000000]   Normal   empty
[    0.000000]   Device   empty
[    0.000000] Movable zone start for each node
[    0.000000] Early memory node ranges
[    0.000000]   node   0: [mem 0x0000000000001000-0x000000000009efff]
[    0.000000]   node   0: [mem 0x0000000000100000-0x000000003ffeffff]
[    0.000000] Initmem setup node 0 [mem 0x0000000000001000-0x000000003ffeffff]
[    0.000000] ACPI: PM-Timer IO Port: 0x4008
[    0.000000] IOAPIC[0]: apic_id 2, version 32, address 0xfec00000, GSI 0-23
[    0.000000] ACPI: INT_SRC_OVR (bus 0 bus_irq 0 global_irq 2 dfl dfl)
[    0.000000] ACPI: INT_SRC_OVR (bus 0 bus_irq 9 global_irq 9 high level)
[    0.000000] Using ACPI (MADT) for SMP configuration information
[    0.000000] smpboot: Allowing 2 CPUs, 0 hotplug CPUs
[    0.000000] PM: Registered nosave memory: [mem 0x00000000-0x00000fff]
[    0.000000] PM: Registered nosave memory: [mem 0x0009f000-0x0009ffff]
[    0.000000] PM: Registered nosave memory: [mem 0x000a0000-0x000effff]
[    0.000000] PM: Registered nosave memory: [mem 0x000f0000-0x000fffff]
[    0.000000] e820: [mem 0x40000000-0xfebfffff] available for PCI devices
[    0.000000] Booting paravirtualized kernel on KVM
[    0.000000] clocksource: refined-jiffies: mask: 0xffffffff max_cycles: 0xffffffff, max_idle_ns: 7645519600211568 ns
[    0.000000] setup_percpu: NR_CPUS:512 nr_cpumask_bits:512 nr_cpu_ids:2 nr_node_ids:1
[    0.000000] PERCPU: Embedded 33 pages/cpu @ffff88003fc00000 s98264 r8192 d28712 u1048576
[    0.000000] PV qspinlock hash table entries: 256 (order: 0, 4096 bytes)
[    0.000000] Built 1 zonelists in Node order, mobility grouping on.  Total pages: 257913
[    0.000000] Policy zone: DMA32
[    0.000000] Kernel command line: BOOT_IMAGE=/boot/vmlinuz-4.4.0-72-generic root=LABEL=cloudimg-rootfs ro console=tty1 console=ttyS0
[    0.000000] PID hash table entries: 4096 (order: 3, 32768 bytes)
[    0.000000] AGP: Checking aperture...
[    0.000000] AGP: No AGP bridge found
[    0.000000] Memory: 1001844K/1048120K available (8452K kernel code, 1293K rwdata, 3976K rodata, 1484K init, 1316K bss, 46276K reserved, 0K cma-reserved)
[    0.000000] SLUB: HWalign=64, Order=0-3, MinObjects=0, CPUs=2, Nodes=1
[    0.000000] Hierarchical RCU implementation.
[    0.000000] 	Build-time adjustment of leaf fanout to 64.
[    0.000000] 	RCU restricting CPUs from NR_CPUS=512 to nr_cpu_ids=2.
[    0.000000] RCU: Adjusting geometry for rcu_fanout_leaf=64, nr_cpu_ids=2
[    0.000000] NR_IRQS:33024 nr_irqs:440 16
[    0.000000] Console: colour VGA+ 80x25
[    0.000000] console [tty1] enabled
[    0.000000] console [ttyS0] enabled
[    0.000000] tsc: Detected 3516.104 MHz processor
[    0.000000] tsc: Marking TSC unstable due to TSCs unsynchronized
[    0.008000] Calibrating delay loop (skipped) preset value.. 7032.20 BogoMIPS (lpj=14064416)
[    0.009102] pid_max: default: 32768 minimum: 301
[    0.012013] ACPI: Core revision 20150930
[    0.020185] ACPI: 2 ACPI AML tables successfully acquired and loaded
[    0.024401] Security Framework initialized
[    0.028007] Yama: becoming mindful.
[    0.032026] AppArmor: AppArmor initialized
[    0.036113] Dentry cache hash table entries: 131072 (order: 8, 1048576 bytes)
[    0.037994] Inode-cache hash table entries: 65536 (order: 7, 524288 bytes)
[    0.040042] Mount-cache hash table entries: 2048 (order: 2, 16384 bytes)
[    0.044014] Mountpoint-cache hash table entries: 2048 (order: 2, 16384 bytes)
[    0.048172] Initializing cgroup subsys io
[    0.052012] Initializing cgroup subsys memory
[    0.056014] Initializing cgroup subsys devices
[    0.057359] Initializing cgroup subsys freezer
[    0.060010] Initializing cgroup subsys net_cls
[    0.064011] Initializing cgroup subsys perf_event
[    0.068012] Initializing cgroup subsys net_prio
[    0.069224] Initializing cgroup subsys hugetlb
[    0.072008] Initializing cgroup subsys pids
[    0.073278] CPU: Physical Processor ID: 0
[    0.076007] CPU: Processor Core ID: 0
[    0.080007] mce: CPU supports 0 MCE banks
[    0.084027] Last level iTLB entries: 4KB 512, 2MB 1024, 4MB 512
[    0.088006] Last level dTLB entries: 4KB 1024, 2MB 1024, 4MB 512, 1GB 0
[    0.094650] Freeing SMP alternatives memory: 32K (ffffffff820b8000 - ffffffff820c0000)
[    0.107816] ftrace: allocating 32111 entries in 126 pages
[    0.116082] smpboot: APIC(0) Converting physical 0 to logical package 0
[    0.120008] smpboot: Max logical packages: 1
[    0.124359] x2apic enabled
[    0.128012] Switched APIC routing to physical x2apic.
[    0.133836] ..TIMER: vector=0x30 apic1=0 pin1=2 apic2=-1 pin2=-1
[    0.140000] smpboot: CPU0: AMD FX(tm)-6300 Six-Core Processor (family: 0x15, model: 0x2, stepping: 0x0)
[    0.152015] Performance Events: Broken PMU hardware detected, using software events only.
[    0.160005] Failed to access perfctr msr (MSR c0010007 is 0)
[    0.164000] KVM setup paravirtual spinlock
[    0.164751] x86: Booting SMP configuration:
[    0.168004] .... node  #0, CPUs:      #1
[    0.008000] kvm-clock: cpu 1, msr 0:3ffe3041, secondary cpu clock
[    0.008000] mce: CPU supports 0 MCE banks
[    0.176028] x86: Booted up 1 node, 2 CPUs
[    0.177533] smpboot: Total of 2 processors activated (14064.41 BogoMIPS)
[    0.180295] devtmpfs: initialized
[    0.186243] evm: security.selinux
[    0.188003] evm: security.SMACK64
[    0.192002] evm: security.SMACK64EXEC
[    0.200002] evm: security.SMACK64TRANSMUTE
[    0.200991] evm: security.SMACK64MMAP
[    0.208004] evm: security.ima
[    0.212004] evm: security.capability
[    0.216616] clocksource: jiffies: mask: 0xffffffff max_cycles: 0xffffffff, max_idle_ns: 7645041785100000 ns
[    0.228074] pinctrl core: initialized pinctrl subsystem
[    0.232160] RTC time:  9:37:28, date: 08/10/17
[    0.233529] NET: Registered protocol family 16
[    0.244008] cpuidle: using governor ladder
[    0.260008] cpuidle: using governor menu
[    0.264008] PCCT header not found.
[    0.265349] ACPI: bus type PCI registered
[    0.280005] acpiphp: ACPI Hot Plug PCI Controller Driver version: 0.5
[    0.284138] PCI: Using configuration type 1 for base access
[    0.285544] PCI: Using configuration type 1 for extended access
[    0.300118] ACPI: Added _OSI(Module Device)
[    0.302386] ACPI: Added _OSI(Processor Device)
[    0.304006] ACPI: Added _OSI(3.0 _SCP Extensions)
[    0.308005] ACPI: Added _OSI(Processor Aggregator Device)
[    0.310438] ACPI: Executed 1 blocks of module-level executable AML code
[    0.313499] ACPI: Interpreter enabled
[    0.320013] ACPI: (supports S0 S5)
[    0.322966] ACPI: Using IOAPIC for interrupt routing
[    0.324203] PCI: Using host bridge windows from ACPI; if necessary, use "pci=nocrs" and report a bug
[    0.329850] ACPI: PCI Root Bridge [PCI0] (domain 0000 [bus 00-ff])
[    0.336012] acpi PNP0A03:00: _OSC: OS supports [ExtendedConfig ASPM ClockPM Segments MSI]
[    0.348020] acpi PNP0A03:00: _OSC failed (AE_NOT_FOUND); disabling ASPM
[    0.348072] PCI host bridge to bus 0000:00
[    0.351864] pci_bus 0000:00: root bus resource [io  0x0000-0x0cf7 window]
[    0.356006] pci_bus 0000:00: root bus resource [io  0x0d00-0xffff window]
[    0.368016] pci_bus 0000:00: root bus resource [mem 0x000a0000-0x000bffff window]
[    0.372008] pci_bus 0000:00: root bus resource [mem 0x40000000-0xffdfffff window]
[    0.376006] pci_bus 0000:00: root bus resource [bus 00-ff]
[    0.385499] pci 0000:00:01.1: legacy IDE quirk: reg 0x10: [io  0x01f0-0x01f7]
[    0.388007] pci 0000:00:01.1: legacy IDE quirk: reg 0x14: [io  0x03f6]
[    0.396008] pci 0000:00:01.1: legacy IDE quirk: reg 0x18: [io  0x0170-0x0177]
[    0.400007] pci 0000:00:01.1: legacy IDE quirk: reg 0x1c: [io  0x0376]
[    0.442691] pci 0000:00:07.0: quirk: [io  0x4000-0x403f] claimed by PIIX4 ACPI
[    0.452021] pci 0000:00:07.0: quirk: [io  0x4100-0x410f] claimed by PIIX4 SMB
[    0.460400] ACPI: PCI Interrupt Link [LNKA] (IRQs 5 9 10 *11)
[    0.478608] ACPI: PCI Interrupt Link [LNKB] (IRQs 5 9 10 *11)
[    0.480098] ACPI: PCI Interrupt Link [LNKC] (IRQs 5 9 *10 11)
[    0.488721] ACPI: PCI Interrupt Link [LNKD] (IRQs 5 *9 10 11)
[    0.497134] ACPI: Enabled 2 GPEs in block 00 to 07
[    0.504159] vgaarb: setting as boot device: PCI:0000:00:02.0
[    0.506916] vgaarb: device added: PCI:0000:00:02.0,decodes=io+mem,owns=io+mem,locks=none
[    0.512006] vgaarb: loaded
[    0.520005] vgaarb: bridge control possible 0000:00:02.0
[    0.524305] SCSI subsystem initialized
[    0.527060] ACPI: bus type USB registered
[    0.528030] usbcore: registered new interface driver usbfs
[    0.529487] usbcore: registered new interface driver hub
[    0.532036] usbcore: registered new device driver usb
[    0.540074] PCI: Using ACPI for IRQ routing
[    0.544363] NetLabel: Initializing
[    0.548004] NetLabel:  domain hash size = 128
[    0.552002] NetLabel:  protocols = UNLABELED CIPSOv4
[    0.556020] NetLabel:  unlabeled traffic allowed by default
[    0.560056] amd_nb: Cannot enumerate AMD northbridges
[    0.568040] clocksource: Switched to clocksource kvm-clock
[    0.579110] AppArmor: AppArmor Filesystem Enabled
[    0.595313] pnp: PnP ACPI init
[    0.598531] pnp: PnP ACPI: found 3 devices
[    0.610942] clocksource: acpi_pm: mask: 0xffffff max_cycles: 0xffffff, max_idle_ns: 2085701024 ns
[    0.616498] NET: Registered protocol family 2
[    0.621473] TCP established hash table entries: 8192 (order: 4, 65536 bytes)
[    0.627342] TCP bind hash table entries: 8192 (order: 5, 131072 bytes)
[    0.637187] TCP: Hash tables configured (established 8192 bind 8192)
[    0.638572] UDP hash table entries: 512 (order: 2, 16384 bytes)
[    0.640171] UDP-Lite hash table entries: 512 (order: 2, 16384 bytes)
[    0.651891] NET: Registered protocol family 1
[    0.663064] pci 0000:00:00.0: Limiting direct PCI/PCI transfers
[    0.666449] pci 0000:00:01.0: Activating ISA DMA hang workarounds
[    0.668518] Unpacking initramfs...
[    2.540722] Freeing initrd memory: 10736K (ffff880036af8000 - ffff880037574000)
[    2.562794] clocksource: tsc: mask: 0xffffffffffffffff max_cycles: 0x32aebe03e64, max_idle_ns: 440795381668 ns
[    2.565088] platform rtc_cmos: registered platform RTC device (no PNP device found)
[    2.565141] Scanning for low memory corruption every 60 seconds
[    2.565594] futex hash table entries: 512 (order: 3, 32768 bytes)
[    2.565624] audit: initializing nelink subsys (disabled)
[    2.565646] audit: type=2000 audit(1502357853.096:1): initialized
[    2.565940] Initialise system trusted keyring
[    2.566151] HugeTLB registered 2 MB page size, pre-allocated 0 pages
[    2.568857] zbud: loaded
[    2.569096] VFS: Disk quotas dquot_6.6.0
[    2.569138] VFS: Dquot-cache hash table entries: 512 (order 0, 4096 bytes)
[    2.569513] squashfs: version 4.0 (2009/01/31) Phillip Lougher
[    2.569811] fuse init (API version 7.23)
[    2.570034] Key type big_key registered
[    2.570046] Allocating IMA MOK and blacklist keyrings.
[    2.570322] Key type asymmetric registered
[    2.570323] Asymmetric key parser 'x509' registered
[    2.570366] Block layer SCSI generic (bsg) driver version 0.4 loaded (major 249)
[    2.570389] io scheduler noop registered
[    2.570391] io scheduler deadline registered (default)
[    2.570428] io scheduler cfq registered
[    2.570574] pci_hotplug: PCI Hot Plug PCI Core version: 0.5
[    2.570597] pciehp: PCI Express Hot Plug Controller Driver version: 0.4
[    2.570770] ACPI: AC Adapter [AC] (on-line)
[    2.570834] input: Power Button as /devices/LNXSYSTM:00/LNXPWRBN:00/input/input0
[    2.570836] ACPI: Power Button [PWRF]
[    2.570996] input: Sleep Button as /devices/LNXSYSTM:00/LNXSLPBN:00/input/input1
[    2.570998] ACPI: Sleep Button [SLPF]
[    2.571251] GHES: HEST is not enabled!
[    2.571357] Serial: 8250/16550 driver, 32 ports, IRQ sharing enabled
[    2.596593] 00:02: ttyS0 at I/O 0x3f8 (irq = 4, base_baud = 115200) is a 16550A
[    2.601867] Linux agpgart interface v0.103
[    2.611486] loop: module loaded
[    2.612242] scsi host0: ata_piix
[    2.612311] scsi host1: ata_piix
[    2.612352] ata1: PATA max UDMA/33 cmd 0x1f0 ctl 0x3f6 bmdma 0xd000 irq 14
[    2.612353] ata2: PATA max UDMA/33 cmd 0x170 ctl 0x376 bmdma 0xd008 irq 15
[    2.612436] libphy: Fixed MDIO Bus: probed
[    2.612438] tun: Universal TUN/TAP device driver, 1.6
[    2.612439] tun: (C) 1999-2004 Max Krasnyansky <maxk@qualcomm.com>
[    2.612909] PPP generic driver version 2.4.2
[    2.612998] ehci_hcd: USB 2.0 'Enhanced' Host Controller (EHCI) Driver
[    2.613003] ehci-pci: EHCI PCI platform driver
[    2.613016] ehci-platform: EHCI generic platform driver
[    2.613027] ohci_hcd: USB 1.1 'Open' Host Controller (OHCI) Driver
[    2.613030] ohci-pci: OHCI PCI platform driver
[    2.613044] ohci-platform: OHCI generic platform driver
[    2.613054] uhci_hcd: USB Universal Host Controller Interface driver
[    2.613131] i8042: PNP: PS/2 Controller [PNP0303:PS2K,PNP0f03:PS2M] at 0x60,0x64 irq 1,12
[    2.613786] serio: i8042 KBD port at 0x60,0x64 irq 1
[    2.613790] serio: i8042 AUX port at 0x60,0x64 irq 12
[    2.613946] mousedev: PS/2 mouse device common for all mice
[    2.614351] input: AT Translated Set 2 keyboard as /devices/platform/i8042/serio0/input/input2
[    2.614731] rtc_cmos rtc_cmos: rtc core: registered rtc_cmos as rtc0
[    2.614807] rtc_cmos rtc_cmos: alarms up to one day, 114 bytes nvram
[    2.614814] i2c /dev entries driver
[    2.614873] device-mapper: uevent: version 1.0.3
[    2.614942] device-mapper: ioctl: 4.34.0-ioctl (2015-10-28) initialised: dm-devel@redhat.com
[    2.614968] ledtrig-cpu: registered to indicate activity on CPUs
[    2.615580] NET: Registered protocol family 10
[    2.615727] NET: Registered protocol family 17
[    2.615737] Key type dns_resolver registered
[    2.615895] microcode: CPU0: patch_level=0x06000626
[    2.615298] microcode: CPU1: patch_level=0x06000626
[    2.629727] microcode: Microcode Update Driver: v2.01 <tigran@aivazian.fsnet.co.uk>, Peter Oruba
[    2.629873] registered taskstats version 1
[    2.629885] Loading compiled-in X.509 certificates
[    2.630759] Loaded X.509 cert 'Build time autogenerated kernel key: 04ae903e4643330d1fe41947e79c28b436494994'
[    2.630782] zswap: loaded using pool lzo/zbud
[    2.632774] Key type trusted registered
[    2.635902] Key type encrypted registered
[    2.635907] AppArmor: AppArmor sha1 policy hashing enabled
[    2.635910] ima: No TPM chip found, activating TPM-bypass!
[    2.635932] evm: HMAC attrs: 0x1
[    2.636283]   Magic number: 13:297:626
[    2.683542] rtc_cmos rtc_cmos: setting system clock to 2017-08-10 09:37:30 UTC (1502357850)
[    2.683726] BIOS EDD facility v0.16 2004-Jun-25, 0 devices found
[    2.683727] EDD information not available.
[    3.031991] Freeing unused kernel memory: 1484K (ffffffff81f45000 - ffffffff820b8000)
[    3.037743] Write protecting the kernel read-only data: 14336k
[    3.042038] Freeing unused kernel memory: 1776K (ffff880001844000 - ffff880001a00000)
[    3.045390] Freeing unused kernel memory: 120K (ffff880001de2000 - ffff880001e00000)
Loading, please wait...
starting version[    3.065855] random: systemd-udevd: uninitialized urandom read (16 bytes read, 2 bits of entropy available)
 229
[    3.066634] random: udevadm: uninitialized urandom read (16 bytes read, 2 bits of entropy available)
[    3.066680] random: udevadm: uninitialized urandom read (16 bytes read, 2 bits of entropy available)
[    3.066835] random: udevadm: uninitialized urandom read (16 bytes read, 2 bits of entropy available)
[    3.066890] random: udevadm: uninitialized urandom read (16 bytes read, 2 bits of entropy available)
[    3.066945] random: udevadm: uninitialized urandom read (16 bytes read, 2 bits of entropy available)
[    3.067000] random: udevadm: uninitialized urandom read (16 bytes read, 2 bits of entropy available)
[    3.067078] random: udevadm: uninitialized urandom read (16 bytes read, 2 bits of entropy available)
[    3.067138] random: udevadm: uninitialized urandom read (16 bytes read, 2 bits of entropy available)
[    3.067209] random: udevadm: uninitialized urandom read (16 bytes read, 2 bits of entropy available)
[    3.272012] Fusion MPT base driver 3.04.20
[    3.282051] Copyright (c) 1999-2008 LSI Corporation
[    3.285539] e1000: Intel(R) PRO/1000 Network Driver - version 7.3.21-k8-NAPI
[    3.288577] e1000: Copyright (c) 1999-2006 Intel Corporation.
[    3.297334] Fusion MPT SPI Host driver 3.04.20
[    3.336118] AVX version of gcm_enc/dec engaged.
[    3.344244] AES CTR mode by8 optimization enabled
[    3.513675] input: ImExPS/2 Generic Explorer Mouse as /devices/platform/i8042/serio1/input/input4
[    3.681483] e1000 0000:00:03.0 eth0: (PCI:33MHz:32-bit) 02:7f:8e:b9:3d:b3
[    3.689436] e1000 0000:00:03.0 eth0: Intel(R) PRO/1000 Network Connection
[    3.692038] mptbase: ioc0: Initiating bringup
[    3.692662] e1000 0000:00:03.0 enp0s3: renamed from eth0
[    3.760390] ioc0: LSI53C1030 A0: Capabilities={Initiator}
[    3.931688] scsi host2: ioc0: LSI53C1030 A0, FwRev=00000000h, Ports=1, MaxQ=256, IRQ=20
[    4.068590] scsi 2:0:0:0: Direct-Access     VBOX     HARDDISK         1.0  PQ: 0 ANSI: 5
[    4.073719] scsi target2:0:0: Beginning Domain Validation
[    4.091164] scsi target2:0:0: Domain Validation skipping write tests
[    4.097566] scsi target2:0:0: Ending Domain Validation
[    4.114595] scsi target2:0:0: asynchronous
[    4.123587] scsi 2:0:1:0: Direct-Access     VBOX     HARDDISK         1.0  PQ: 0 ANSI: 5
[    4.127246] scsi target2:0:1: Beginning Domain Validation
[    4.139952] scsi target2:0:1: Domain Validation skipping write tests
[    4.142564] scsi target2:0:1: Ending Domain Validation
[    4.150420] scsi target2:0:1: asynchronous
[    4.163343] sd 2:0:0:0: Attached scsi generic sg0 type 0
[    4.166131] sd 2:0:0:0: [sda] 20971520 512-byte logical blocks: (10.7 GB/10.0 GiB)
[    4.180117] sd 2:0:1:0: [sdb] 20480 512-byte logical blocks: (10.5 MB/10.0 MiB)
[    4.180351] sd 2:0:0:0: [sda] Write Protect is off
[    4.180452] sd 2:0:0:0: [sda] Incomplete mode parameter data
[    4.180453] sd 2:0:0:0: [sda] Assuming drive cache: write through
[    4.181648]  sda: sda1
[    4.182381] sd 2:0:0:0: [sda] Attached SCSI disk
[    4.188089] sd 2:0:1:0: Attached scsi generic sg1 type 0
[    4.205836] sd 2:0:1:0: [sdb] Write Protect is off
[    4.207198] sd 2:0:1:0: [sdb] Incomplete mode parameter data
[    4.213982] sd 2:0:1:0: [sdb] Assuming drive cache: write through
[    4.221542] sd 2:0:1:0: [sdb] Attached SCSI disk
[    6.296575] floppy0: no floppy controllers found
Begin: Loading essential drivers ... [    7.804913] md: linear personality registered for level -1
[    7.809177] md: multipath personality registered for level -4
[    7.832435] md: raid0 personality registered for level 0
[    7.839105] md: raid1 personality registered for level 1
[    7.952124] raid6: sse2x1   gen()  5700 MB/s
[    8.028630] raid6: sse2x1   xor()  4111 MB/s
[    8.104139] raid6: sse2x2   gen()  8910 MB/s
[    8.180662] raid6: sse2x2   xor()  5902 MB/s
[    8.252155] raid6: sse2x4   gen()  9908 MB/s
[    8.332665] raid6: sse2x4   xor()  5167 MB/s
[    8.339933] raid6: using algorithm sse2x4 gen() 9908 MB/s
[    8.341417] raid6: .... xor() 5167 MB/s, rmw enabled
[    8.342673] raid6: using ssse3x2 recovery algorithm
[    8.347965] xor: automatically using best checksumming function:
[    8.396171]    avx       :  4279.000 MB/sec
[    8.410866] async_tx: api initialized (async)
[    8.429615] md: raid6 personality registered for level 6
[    8.432554] md: raid5 personality registered for level 5
[    8.440618] md: raid4 personality registered for level 4
[    8.459687] md: raid10 personality registered for level 10
done.
Begin: Running /scripts/init-premount ... done.
Begin: Mounting root file system ... Begin: Running /scripts/local-top ... done.
Begin: Running /[    8.516282] Btrfs loaded
scripts/local-premount ... Scanning for Btrfs filesystems
done.
Warning: fsck not present, so sk[    8.561716] EXT4-fs (sda1): mounted filesystem with ordered data mode. Opts: (null)
ipping root file system
done.
Begin: Running /scripts/local-bottom ... done.
Begin: Running /scripts/init-bottom ... done.
[    8.689390] systemd[1]: systemd 229 running in system mode. (+PAM +AUDIT +SELINUX +IMA +APPARMOR +SMACK +SYSVINIT +UTMP +LIBCRYPTSETUP +GCRYPT +GNUTLS +ACL +XZ -LZ4 +SECCOMP +BLKID +ELFUTILS +KMOD -IDN)
[    8.726030] systemd[1]: Detected virtualization oracle.
[    8.730093] systemd[1]: Detected architecture x86-64.

Welcome to [1mUbuntu 16.04.2 LTS[0m!

[    8.752767] systemd[1]: Set hostname to <ubuntu>.
[    8.767479] systemd[1]: Initializing machine ID from random generator.
[    8.776256] systemd[1]: Installed transient /etc/machine-id file.
[    8.941411] systemd[1]: Listening on LVM2 metadata daemon socket.
[[0;32m  OK  [0m] Listening on LVM2 metadata daemon socket.
[    8.961162] systemd[1]: Created slice User and Session Slice.
[[0;32m  OK  [0m] Created slice User and Session Slice.
[    9.023481] systemd[1]: Reached target Encrypted Volumes.
[[0;32m  OK  [0m] Reached target Encrypted Volumes.
[    9.076659] systemd[1]: Set up automount Arbitrary Executable File Formats File System Automount Point.
[[0;32m  OK  [0m] Set up automount Arbitrary Executab...ats File System Automount Point.
[    9.096090] systemd[1]: Listening on Syslog Socket.
[[0;32m  OK  [0m] Listening on Syslog Socket.
[    9.098928] systemd[1]: Reached target User and Group Name Lookups.
[[0;32m  OK  [0m] Reached target User and Group Name Lookups.
[    9.109092] systemd[1]: Listening on Journal Audit Socket.
[[0;32m  OK  [0m] Listening on Journal Audit Socket.
[    9.133092] systemd[1]: Listening on Journal Socket.
[[0;32m  OK  [0m] Listening on Journal Socket.
[    9.146322] systemd[1]: Listening on /dev/initctl Compatibility Named Pipe.
[[0;32m  OK  [0m] Listening on /dev/initctl Compatibility Named Pipe.
[    9.209755] systemd[1]: Reached target Swap.
[[0;32m  OK  [0m] Reached target Swap.
[    9.224581] systemd[1]: Listening on udev Kernel Socket.
[[0;32m  OK  [0m] Listening on udev Kernel Socket.
[    9.236609] systemd[1]: Listening on udev Control Socket.
[[0;32m  OK  [0m] Listening on udev Control Socket.
[    9.246035] systemd[1]: Listening on Journal Socket (/dev/log).
[[0;32m  OK  [0m] Listening on Journal Socket (/dev/log).
[    9.270145] systemd[1]: Listening on LVM2 poll daemon socket.
[[0;32m  OK  [0m] Listening on LVM2 poll daemon socket.
[    9.308502] systemd[1]: Listening on Device-mapper event daemon FIFOs.
[[0;32m  OK  [0m] Listening on Device-mapper event daemon FIFOs.
[    9.315671] systemd[1]: Started Forward Password Requests to Wall Directory Watch.
[[0;32m  OK  [0m] Started Forward Password Requests to Wall Directory Watch.
[    9.349210] systemd[1]: Created slice System Slice.
[[0;32m  OK  [0m] Created slice System Slice.
[    9.381481] systemd[1]: Mounting Huge Pages File System...
         Mounting Huge Pages File System...
[    9.400662] systemd[1]: Starting Load Kernel Modules...
         Starting Load Kernel Modules...
[    9.418793] Loading iSCSI transport class v2.0-870.
[    9.419178] systemd[1]: Starting Monitoring of LVM2 mirrors, snapshots etc. using dmeventd or progress polling...
         Starting Monitoring of LVM2 mirrors... dmeventd or progress polling...
[    9.492851] systemd[1]: Mounting Debug File System...
         Mountin[    9.509064] iscsi: registered transport (tcp)
g Debug File System...
[    9.535927] systemd[1]: Starting Remount Root and Kernel File Systems...
         Startin[    9.545015] EXT4-fs (sda1): re-mounted. Opts: (null)
g Remount Root and Kernel File Systems...
[    9.568968] systemd[1]: Starting Create list of required static device nodes for the current kernel...
         Starting Create list of required st... nodes for the current kernel...
[    9.595440] iscsi: registered transport (iser)
[    9.596476] systemd[1]: Starting Set console keymap...
         Starting Set console keymap...
[    9.618672] systemd[1]: Starting Nameserver information manager...
         Starting Nameserver information manager...
[    9.646012] systemd[1]: Starting Journal Service...
         Starting Journal Service...
[    9.656647] systemd[1]: Reached target Slices.
[[0;32m  OK  [0m] Reached target Slices.
[    9.689400] systemd[1]: Mounting POSIX Message Queue File System...
         Mounting POSIX Message Queue File System...
[    9.734512] systemd[1]: Starting Uncomplicated firewall...
         Starting Uncomplicated firewall...
[    9.747121] systemd[1]: Created slice system-serial\x2dgetty.slice.
[[0;32m  OK  [0m] Created slice system-serial\x2dgetty.slice.
[    9.780270] systemd[1]: Mounted Huge Pages File System.
[[0;32m  OK  [0m] Mounted Huge Pages File System.
[    9.820576] systemd[1]: Mounted Debug File System.
[[0;32m  OK  [0m] Mounted Debug File System.
[    9.916616] systemd[1]: Mounted POSIX Message Queue File System.
[[0;32m  OK  [0m] Mounted POSIX Message Queue File System.
[    9.960698] systemd[1]: Started Journal Service.
[[0;32m  OK  [0m] Started Journal Service.
[[0;32m  OK  [0m] Started Load Kernel Modules.
[[0;32m  OK  [0m] Started Remount Root and Kernel File Systems.
[[0;32m  OK  [0m] Started Create list of required sta...ce nodes for the current kernel.
[[0;32m  OK  [0m] Started Set console keymap.
[[0;32m  OK  [0m] Started Uncomplicated firewall.
[[0;32m  OK  [0m] Started Nameserver information manager.
[[0;32m  OK  [0[   10.105433] random: nonblocking pool is initialized
m] Started LVM2 metadata daemon.
         Starting Create Static Device Nodes in /dev...
         Starting udev Coldplug all Devices...
         Starting Initial cloud-init job (pre-networking)...
         Starting Load/Save Random Seed...
         Mounting FUSE Control File System...
         Starting Apply Kernel Variables...
         Starting Flush Journal to Persistent Storage...
[[0;32m  OK  [0m] Mounted FUSE Control File System.
[[0;32m  OK  [0m] Started Create Static Device Nodes in /dev.
[[0;32m  OK  [0m] Started Load/Save Random Seed.
[[0;32m  OK  [0m] Started Apply Kernel Variables.
[[0;32m  OK  [0m] Started udev Coldplug all Devices.
[[0;32m  OK  [0m] Started Flush Journal to Persistent Storage.
         Starting udev Kernel Device Manager...
[[0;32m  OK  [0m] Started Monitoring of LVM2 mirrors,...ng dmeventd or progress polling.
[[0;32m  OK  [0m] Started udev Kernel Device Manager.
[[0;32m  OK  [0m] Started Dispatch Password Requests to Console Directory Watch.
[[0;32m  OK  [0m] Reached target Local File Systems (Pre).
[[0;32m  OK  [0m] Reached target Local File Systems.
         Starting LSB: AppArmor initialization...
         Starting Set console font and keymap...
         Starting Create Volatile Files and Directories...
         Starting Tell Plymouth To Write Out Runtime Data...
         Starting Commit a transient machine-id on disk...
[[0;32m  OK  [0m] Started Create Volatile Files and Directories.
[[0;32m  OK  [0m] Started Tell Plymouth To Write Out Runtime Data.
[[0;32m  OK  [0m] Started Commit a transient machine-id on disk.
[[0;32m  OK  [0m] Reached target System Time Synchronized.
         Starting Update UTMP about System Boot/Shutdown...
[[0;32m  OK  [0m] Found device /dev/ttyS0.
[[0;32m  OK  [0m] Started Update UTMP about System Boot/Shutdown.
[[0;32m  OK  [0m] Listening on Load/Save RF Kill Switch Status /dev/rfkill Watch.
[[0;1;31mFAILED[0m] Failed to start Set console font and keymap.
[   12.352253] cloud-init[457]: Cloud-init v. 0.7.9 running 'init-local' at Thu, 10 Aug 2017 09:37:39 +0000. Up 11.76 seconds.
See 'systemctl status console-setup.service' for details.
[[0;32m  OK  [0m] Started LSB: AppArmor initialization.
[[0;32m  OK  [0m] Started Initial cloud-init job (pre-networking).
[[0;32m  OK  [0m] Reached target Network (Pre).
         Starting Raise network interfaces...
[[0;32m  OK  [0m] Created slice system-getty.slice.
[[0;32m  OK  [0m] Started Raise network interfaces.
         Starting Initial cloud-init job (metadata service crawler)...
[[0;32m  OK  [0m] Reached target Network.
[   14.933439] cloud-init[911]: Cloud-init v. 0.7.9 running 'init' at Thu, 10 Aug 2017 09:37:42 +0000. Up 14.22 seconds.
[   14.981222] cloud-init[911]: ci-info: +++++++++++++++++++++++++++++++++++++Net device info++++++++++++++++++++++++++++++++++++++
[   15.036987] cloud-init[911]: ci-info: +--------+------+----------------------------+---------------+-------+-------------------+
[   15.037290] cloud-init[911]: ci-info: | Device |  Up  |          Address           |      Mask     | Scope |     Hw-Address    |
[[0;32m  OK  [0m] Started Initial cloud-init job (metadata service crawler).
[   15.037478] cloud-init[911]: ci-info: +--------+------+----------------------------+---------------+-------+-------------------+
[   15.081124] cloud-init[911]: ci-info: | enp0s3 | True |         10.0.2.15          | 255.255.255.0 |   .   | 02:7f:8e:b9:3d:b3 |
[   15.081447] cloud-init[911]: ci-info: | enp0s3 | True | fe80::7f:8eff:feb9:3db3/64 |       .       |  link | 02:7f:8e:b9:3d:b3 |
[[0;32m  OK  [0m] Reached target Cloud-config availability.
[   15.081612] [[0;32m  OK  [0m] Reached target Network is Online.
cloud-init[911]: ci-info: |   lo   | True |         127.0.0.1          |   255.0.0.0   |   .   |         .         |
[   15.122854]          Starting iSCSI initiator daemon (iscsid)...
cloud-init[911]: ci-info: |   lo   | True |          ::1/128           |       .       |  host |         .         |
[   15.136166] [cloud-init[0;32m  OK  [0m[911]: ] ci-info: +--------+------+----------------------------+---------------+-------+-------------------+Reached target System Initialization.

[[0;32m  OK  [0m] Listening on UUID daemon activation socket.
[[0;32m  OK  [0m] Started Trigger resolvconf update for networkd DNS.
[   15.136671] cloud-init[911]: ci-info: +++++++++++++++++++++++++++Route IPv4 info++++++++++++++++++++++++++++
[   15.187738] cloud-init[911]: ci-info: +-------+-------------+----------+---------------+-----------+-------+
[[0;32m  OK  [0m] Started ACPI Events Check.
[   15.188334] cloud-init[911]: ci-info: | Route | Destination | Gateway  |    Genmask    | Interface | Flags |
[   15.203195] cloud-init[911]: ci-info: +-------+-------------+----------+---------------+-----------+-------+
[   15.203336] cloud-init[911]: ci-info: |   0   |   0.0.0.0   | 10.0.2.2 |    0.0.0.0    |   enp0s3  |   UG  |
[   15.203511] cloud-init[911]: ci-info: |   1   |   10.0.2.0  | 0.0.0.0  | 255.255.255.0 |   enp0s3  |   U   |
[   15.203677] cloud-init[911]: ci-info: +-------+-------------+----------+---------------+-----------+-------+
[   15.203842] cloud-init[911]: Generating public/private rsa key pair.
[   15.204034] cloud-init[911]: Your identification has been saved in /etc/ssh/ssh_host_rsa_key.
[   15.204191] cloud-init[911]: Your public key has been saved in /etc/ssh/ssh_host_rsa_key.pub.
[   15.204356] cloud-init[911]: The key fingerprint is:
[   15.204715] cloud-init[911]: SHA256:MYDF0/ZOT5HZqn0L9w9OEu2edxKwOT88wNCY9gQyGNI root@ubuntu-xenial
[   15.204904] cloud-init[911]: The key's randomart image is:
[   15.205093] cloud-init[911]: +---[RSA 2048]----+
[   15.205271] cloud-init[911]: |    .=++     +   |
[   15.205466] cloud-init[911]: |    ..E.= . + .  |
[   15.205640] cloud-init[911]: |       oo+ = o   |
[   15.205822] cloud-init[911]: |         oB *.   |
[[0;32m  OK  [0m[   15.206191] ] cloud-initReached target Paths.[911]: 
|        S+ X.+.  |
[[0;32m  OK  [0m[   15.206256] ] cloud-initStarted Daily apt activities.[911]: 
|          o @o+  |
[   15.380085] cloud-init[911]: |            .O++ |
[   15.380425] cloud-init[911]: |             =Bo+|
[   15.380595] cloud-init[911]: |              +=+|
[   15.381033] cloud-init[911]: +----[SHA256]-----+
[[0;32m  OK  [0m] Listening on ACPID Listen Socket.
[[   15.381145] cloud-init[911]: Generating public/private dsa key pair.
[   15.407055] cloud-init[911]: Your identification has been saved in /etc/ssh/ssh_host_dsa_key.
[0;32m  OK  [0m] Started Timer to automatically refresh installed snaps.
[[   15.407109] cloud-init[911]: Your public key has been saved in /etc/ssh/ssh_host_dsa_key.pub.
[   15.464692] cloud-init[911]: The key fingerprint is:
[   15.464821] cloud-init[911]: SHA256:1Z0uNcQTytnporenPLGDD0bqh06veOHtzvwX+50Pbus root@ubuntu-xenial
[   15.465013] cloud-init[911]: The key's randomart image is:
[   15.465173] cloud-init[911]: +---[DSA 1024]----+
[   15.465371] cloud-init[911]: |             .o. |
[   15.465569] cloud-init[911]: |           o *oo |
[   15.465750] cloud-init[911]: |          . = B. |
[   15.465939] cloud-init[0;32m  OK  [0m[911]: ] |         .   + . |Listening on D-Bus System Message Bus Socket.

[   15.534128] cloud-init[911]: |        S . o o  |
[   15.534422] cloud-init[911]: |        .o ..o.  |
[   15.534603] cloud-init[911]: |       .o++..o.o |
[   15.534789] cloud-init[911]: |       ++=+++o=.o|
[   15.534974] cloud-init[911]: |      .o+=*o*OE+=|
         Starting LXD - unix socket.
[   15.535172] cloud-init[911]: +----[SHA256]-----+
[   15.572778] cloud-init[911]: Generating public/private ecdsa key pair.
[   15.572936] cloud-init[911]: Your identification has been saved in /etc/ssh/ssh_host_ecdsa_key.
[[0;32m  OK  [0m] Started Daily Cleanup of Temporary Directories.
[   15.573163] cloud-init[911]: Your public key has been saved in /etc/ssh/ssh_host_ecdsa_key.pub.
[   15.581949] cloud-init[911]: The key fingerprint is:
[[0;32m  OK  [0m] Reached target Timers.
[   15.582163] cloud-init[911]: SHA256:1JzQKxarZ2vUjVq6+EBmjHLMzJ0ilN8NigbCEOiEbUw root@ubuntu-xenial
[   15.594220] cloud-init[911]: The key's randomart image is:
[   15.594543] cloud-init[911]: +---[ECDSA 256]---+
[   15.594710] cloud-init[911]: |==E     ..       |
[   15.594880] cloud-init[911]: |=.+.    .+..     |
[   15.595091] cloud-init[911]: |=oo   . .o+.     |
         Starting Socket activation for snappy daemon.
[   15.595266] cloud-init[911]: |.+ B * =+ .      |
[   15.608959] cloud-init[911]: |  = @ OoSo o     |
[   15.610220] cloud-init[911]: | . + =. + + .    |
[   15.615819] cloud-init[911]: |      .+ =       |
[   15.623774] cloud-init[911]: |       o=        |
[   15.625325] cloud-init[911]: |      .oo.       |
[   15.626962] cloud-init[911]: +----[SHA256]-----+
[   15.631326] cloud-init[911]: Generating public/private ed25519 key pair.
[   15.637596] cloud-init[911]: Your identification has been saved in /etc/ssh/ssh_host_ed25519_key.
[   15.668288] cloud-init[911]: Your public key has been saved in /etc/ssh/ssh_host_ed25519_key.pub.
[   15.668621] cloud-init[911]: The key fingerprint is:
[[0;32m  OK  [0m] Listening on LXD - unix socket.
[   15.668791] cloud-init[911]: SHA256:QAMG3Cmnmtz9wQjxpNZVospL1qms0GK+0ccJQSJv7r8 root@ubuntu-xenial
[   15.685398] cloud-init[911]: The key's randomart image is:
[   15.685564] cloud-init[911]: +--[ED25519 256]--+
[   15.685739] cloud-init[911]: |.o.+ooo...       |
[   15.685916] cloud-init[911]: |..=o+o.o.        |
[   15.686112] cloud-init[911]: |  o=*.o          |
[   15.686279] cloud-init[911]: | oo++o..         |
[   15.686453] cloud-init[911]: |.o+*ooo S        |
[   15.686883] cloud-init[911]: |o+=.=o.o         |
[   15.687078] cloud-init[911]: |ooo= +. .        |
[   15.687260] cloud-init[911]: |+.o..  .         |
[   15.687445] cloud-init[911]: | +. E.           |
[   15.687644] cloud-init[911]: +----[SHA256]-----+
[[0;32m  OK  [0m] Listening on Socket activation for snappy daemon.
[[0;32m  OK  [0m] Started iSCSI initiator daemon (iscsid).
         Starting Login to default iSCSI targets...
[[0;32m  OK  [0m] Reached target Sockets.
[[0;32m  OK  [0m] Reached target Basic System.
         Starting Pollinate to seed the pseudo random number generator...
         Starting Login Service...
         Starting /etc/rc.local Compatibility...
[[0;32m  OK  [0m] Started Snappy daemon.
         Starting Auto import assertions from block devices...
[[0;32m  OK  [0m] Started FUSE filesystem for LXC.
[[0;32m  OK  [0m] Started D-Bus System Message Bus.
[[0;32m  OK  [0m] Started Regular background program processing daemon.
         Starting System Logging Service...
         Starting LXD - container startup/shutdown...
[[0;32m  OK  [0m] Started ACPI event daemon.
[[0;32m  OK  [0m] Started Deferred execution scheduler.
         Starting LSB: MD monitoring daemon...
         Starting Apply the settings specified in cloud-config...
         Starting Accounts Service...
         Starting LSB: Record successful boot for GRUB...
[[0;32m  OK  [0m] Started System Logging Service.
[[0;32m  OK  [0m] Started /etc/rc.local Compatibility.
[[0;32m  OK  [0m] Started Auto import assertions from block devices.
[[0;32m  OK  [0m] Started LXD - container startup/shutdown.
[[0;32m  OK  [0m] Started Login to default iSCSI targets.
[[0;32m  OK  [0m] Started Login Service.
         Starting Authenticate and Authorize Users to Run Privileged Tasks...
[[0;32m  OK  [0m] Reached target Remote File Systems (Pre).
[[0;32m  OK  [0m] Reached target Remote File Systems.
         Starting Permit User Sessions...
         Starting LSB: automatic crash report generation...
         Starting LSB: Set the CPU Frequency Scaling governor to "ondemand"...
         Starting LSB: VirtualBox Linux Additions...
         Starting LSB: daemon to balance interrupts for SMP systems...
[[0;32m  OK  [0m] Started Pollinate to seed the pseudo random number generator.
[[0;32m  OK  [0m] Started LSB: MD monitoring daemon.
[[0;32m  OK  [0m] Started LSB: Record successful boot for GRUB.
[[0;32m  OK  [0m] Started Permit User Sessions.
[[0;32m  OK  [0m] Started Authenticate and Authorize Users to Run Privileged Tasks.
[[0;32m  OK  [0m] Started Accounts Service.
         Starting Hold until boot process finishes up...
         Starting Terminate Plymouth Boot Screen...
         Starting OpenBSD Secure Shell server...
[[0;32m  OK  [0m] Started LSB: automatic crash report generation.
[[0;32m  OK  [0m] Started LSB: Set the CPU Frequency Scaling governor to "ondemand".
[[0;32m  OK  [0m] Started LSB: daemon to balance interrupts for SMP systems.
[[0;32m  OK  [0m] Started Hold until boot process finishes up.
[[0;32m  OK  [0m] Started Terminate Plymouth Boot Screen.
[[0;32m  OK  [0m] Started OpenBSD Secure Shell server.
[[0;32m  OK  [0m] Started Serial Getty on ttyS0.
[[0;32m  OK  [0m] Started Getty on tty1.
[[0;32m  OK  [0m] Reached target Login Prompts.
         Starting Set console scheme...
[[0;32m  OK  [0m] Started LSB: VirtualBox Linux Additions.
[[0;32m  OK  [0m] Reached target Multi-User System.
[[0;32m  OK  [0m] Reached target Graphical Interface.
         Starting Update UTMP about System Runlevel Changes...
[[0;32m  OK  [0m] Started Set console scheme.
[[0;32m  OK  [0m] Started Update UTMP about System Runlevel Changes.
[   16.920520] cloud-init[1095]: Generating locales (this might take a while)...
[   17.981530] cloud-init[1095]:   en_US.UTF-8... done
[   17.998625] cloud-init[1095]: Generation complete.
         Stopping OpenBSD Secure Shell server...
[[0;32m  OK  [0m] Stopped OpenBSD Secure Shell server.
         Starting OpenBSD Secure Shell server...
[[0;32m  OK  [0m] Started OpenBSD Secure Shell server.
[   18.462038] cloud-init[1095]: Cloud-init v. 0.7.9 running 'modules:config' at Thu, 10 Aug 2017 09:37:44 +0000. Up 16.77 seconds.
[[0;32m  OK  [0m] Started Apply the settings specified in cloud-config.
         Starting Execute cloud user/final scripts...
ci-info: no authorized ssh keys fingerprints found for user ubuntu.
<14>Aug 10 09:37:46 ec2: 
<14>Aug 10 09:37:46 ec2: #############################################################
<14>Aug 10 09:37:46 ec2: -----BEGIN SSH HOST KEY FINGERPRINTS-----
<14>Aug 10 09:37:46 ec2: 1024 SHA256:1Z0uNcQTytnporenPLGDD0bqh06veOHtzvwX+50Pbus root@ubuntu-xenial (DSA)
<14>Aug 10 09:37:46 ec2: 256 SHA256:1JzQKxarZ2vUjVq6+EBmjHLMzJ0ilN8NigbCEOiEbUw root@ubuntu-xenial (ECDSA)
<14>Aug 10 09:37:46 ec2: 256 SHA256:QAMG3Cmnmtz9wQjxpNZVospL1qms0GK+0ccJQSJv7r8 root@ubuntu-xenial (ED25519)
<14>Aug 10 09:37:46 ec2: 2048 SHA256:MYDF0/ZOT5HZqn0L9w9OEu2edxKwOT88wNCY9gQyGNI root@ubuntu-xenial (RSA)
<14>Aug 10 09:37:46 ec2: -----END SSH HOST KEY FINGERPRINTS-----
<14>Aug 10 09:37:46 ec2: #############################################################
-----BEGIN SSH HOST KEY KEYS-----
ecdsa-sha2-nistp256 AAAAE2VjZHNhLXNoYTItbmlzdHAyNTYAAAAIbmlzdHAyNTYAAABBBDoMIPDNK9iPhfi2PGZDLBZEMFrwAmCpS4bJgX1mFPJWJwhazgaTSCL1/nwGmOIIOq33AuyDQwpYX2nqIyCiOXI= root@ubuntu-xenial
ssh-ed25519 AAAAC3NzaC1lZDI1NTE5AAAAICbvD7mN//+Nt1T2mzZK6P3PZshE6VnNDSguK3QEMLWu root@ubuntu-xenial
ssh-rsa AAAAB3NzaC1yc2EAAAADAQABAAABAQCz+vcz0Af4UVBHHdBvYoPjpPrvJuOV7qIs0tasrY5LczOSWjryJCQQQ9SRXajylfO2tZC0znagm4vmmNNIX7JbZ0u/c+H1KXrro2wB7+xgU50P0gxKDjVzE4tx9NGx73hdvLqxrZVdqzl2eId0qpQOt/+vLGEjC3NxPPzGUG2/5kRAabnld8t+j5mDu8ot+02p68UXgU4sCgox5y+d2EdOOZ+Atucd1c74MNJhwSQcatROfgCXHW/w3u36Q+89dP67CF8dyKp637iKGWwLZAVOJ+HYkk4vlTZrZ1gixK4FB+y6o3pizkwAL+0gK8lfurqmWo7t7ptuth1Pummn1Thx root@ubuntu-xenial
-----END SSH HOST KEY KEYS-----
[   19.288553] cloud-init[1272]: Cloud-init v. 0.7.9 running 'modules:final' at Thu, 10 Aug 2017 09:37:46 +0000. Up 18.95 seconds.
[   19.337217] cloud-init[1272]: ci-info: no authorized ssh keys fingerprints found for user ubuntu.
[   19.388605] cloud-init[1272]: Cloud-init v. 0.7.9 finished at Thu, 10 Aug 2017 09:37:47 +0000. Datasource DataSourceNoCloud [seed=/dev/sdb][dsmode=net].  Up 19.27 seconds
[[0;32m  OK  [0m] Started Execute cloud user/final scripts.
[[0;32m  OK  [0m] Reached target Cloud-init target.

Ubuntu 16.04.2 LTS ubuntu-xenial ttyS0

ubuntu-xenial login: 